2024-05-22 01:49:05 - Starting IAM resource creation...
2024-05-22 01:49:05 - Checking if IAM role AWS-SECRET-CSI-STORE-ROLE already exists...
2024-05-22 01:49:07 - IAM role AWS-SECRET-CSI-STORE-ROLE already exists.
2024-05-22 01:49:07 - Checking if IAM policy secret-store-policy already exists...
2024-05-22 01:49:09 - IAM policy secret-store-policy already exists.
2024-05-22 01:49:09 - Attaching policy secret-store-policy to IAM role AWS-SECRET-CSI-STORE-ROLE...
2024-05-22 01:49:11 - Policy secret-store-policy attached to IAM role AWS-SECRET-CSI-STORE-ROLE.
2024-05-22 01:49:11 - Starting service account creation...
2024-05-22 01:49:11 - Checking if service account sonarqube-sa exists in namespace sonarqube...
2024-05-22 01:49:13 - Creating service account sonarqube-sa in namespace sonarqube...
2024-05-22 01:49:15 - Annotating and labeling service account sonarqube-sa...
2024-05-22 01:49:20 - Service account sonarqube-sa in namespace sonarqube is now linked to IAM role AWS-SECRET-CSI-STORE-ROLE.
2024-05-22 01:49:20 - Script execution completed.
2024-05-22 01:49:50 - Starting IAM resource creation...
2024-05-22 01:49:50 - Checking if IAM role AWS-SECRET-CSI-STORE-ROLE already exists...
2024-05-22 01:49:52 - IAM role AWS-SECRET-CSI-STORE-ROLE already exists.
2024-05-22 01:49:52 - Checking if IAM policy secret-store-policy already exists...
2024-05-22 01:49:55 - IAM policy secret-store-policy already exists.
2024-05-22 01:49:55 - Attaching policy secret-store-policy to IAM role AWS-SECRET-CSI-STORE-ROLE...
2024-05-22 01:49:57 - Policy secret-store-policy attached to IAM role AWS-SECRET-CSI-STORE-ROLE.
2024-05-22 01:49:57 - Starting service account creation...
2024-05-22 01:49:57 - Checking if service account sonarqube-sa exists in namespace sonarqube...
2024-05-22 01:49:59 - Service account sonarqube-sa already exists in namespace sonarqube.
2024-05-22 01:49:59 - Script execution completed.


2024-05-22 01:49:50 - Starting IAM resource creation...
2024-05-22 01:49:50 - Checking if IAM role AWS-SECRET-CSI-STORE-ROLE already exists...
2024-05-22 01:49:52 - IAM role AWS-SECRET-CSI-STORE-ROLE already exists.
2024-05-22 01:49:52 - Checking if IAM policy secret-store-policy already exists...
2024-05-22 01:49:55 - IAM policy secret-store-policy already exists.
2024-05-22 01:49:55 - Attaching policy secret-store-policy to IAM role AWS-SECRET-CSI-STORE-ROLE...
2024-05-22 01:49:57 - Policy secret-store-policy attached to IAM role AWS-SECRET-CSI-STORE-ROLE.
2024-05-22 01:49:57 - Starting service account creation...
2024-05-22 01:49:57 - Checking if service account sonarqube-sa exists in namespace sonarqube...
2024-05-22 01:49:59 - Service account sonarqube-sa already exists in namespace sonarqube.
2024-05-22 01:49:59 - Script execution completed.
